<?xml version="1.0" encoding="UTF-8" ?>
<testsuite tests="1" failures="1" name="TestSuite" time="63.733" errors="0" skipped="0">
  <properties>
[...]
</properties>
  <testcase classname="com.dkatalis.tests.SuccessfulPaymentTest" name="testBuyNowButtonFunctionality" time="63.733">
    <failure message="Expected condition failed: waiting for presence of element located by: By.xpath: //*[@id=&quot;PaRes&quot;] (tried for 30 second(s) with 500 milliseconds interval)" type="org.openqa.selenium.TimeoutException">org.openqa.selenium.TimeoutException: Expected condition failed: waiting for presence of element located by: By.xpath: //*[@id=&quot;PaRes&quot;] (tried for 30 second(s) with 500 milliseconds interval)
	at org.openqa.selenium.support.ui.WebDriverWait.timeoutException(WebDriverWait.java:95)
	at org.openqa.selenium.support.ui.FluentWait.until(FluentWait.java:272)
	at com.dkatalis.tests.SuccessfulPaymentTest.testBuyNowButtonFunctionality(SuccessfulPaymentTest.java:52)
Caused by: org.openqa.selenium.NoSuchElementException: no such element: Unable to locate element: {&quot;method&quot;:&quot;xpath&quot;,&quot;selector&quot;:&quot;//*[@id=&quot;PaRes&quot;]&quot;}
  (Session info: chrome=79.0.3945.130)
For documentation on this error, please visit: https://www.seleniumhq.org/exceptions/no_such_element.html
Build info: version: &apos;3.141.59&apos;, revision: &apos;e82be7d358&apos;, time: &apos;2018-11-14T08:17:03&apos;
System info: host: &apos;jeevan-HP-15-Notebook-PC&apos;, ip: &apos;127.0.1.1&apos;, os.name: &apos;Linux&apos;, os.arch: &apos;amd64&apos;, os.version: &apos;5.0.0-38-generic&apos;, java.version: &apos;11.0.5&apos;
Driver info: org.openqa.selenium.chrome.ChromeDriver
Capabilities {acceptInsecureCerts: false, browserName: chrome, browserVersion: 79.0.3945.130, chrome: {chromedriverVersion: 79.0.3945.36 (3582db32b3389..., userDataDir: /tmp/.com.google.Chrome.JBH0N4}, goog:chromeOptions: {debuggerAddress: localhost:37889}, javascriptEnabled: true, networkConnectionEnabled: false, pageLoadStrategy: normal, platform: LINUX, platformName: LINUX, proxy: Proxy(), setWindowRect: true, strictFileInteractability: false, timeouts: {implicit: 0, pageLoad: 300000, script: 30000}, unhandledPromptBehavior: dismiss and notify}
Session ID: e7cd506ef425b15386587b9680669562
*** Element info: {Using=xpath, value=//*[@id=&quot;PaRes&quot;]}
	at java.base/jdk.internal.reflect.NativeConstructorAccessorImpl.newInstance0(Native Method)
	at java.base/jdk.internal.reflect.NativeConstructorAccessorImpl.newInstance(NativeConstructorAccessorImpl.java:62)
	at java.base/jdk.internal.reflect.DelegatingConstructorAccessorImpl.newInstance(DelegatingConstructorAccessorImpl.java:45)
	at java.base/java.lang.reflect.Constructor.newInstance(Constructor.java:490)
	at org.openqa.selenium.remote.http.W3CHttpResponseCodec.createException(W3CHttpResponseCodec.java:187)
	at org.openqa.selenium.remote.http.W3CHttpResponseCodec.decode(W3CHttpResponseCodec.java:122)
	at org.openqa.selenium.remote.http.W3CHttpResponseCodec.decode(W3CHttpResponseCodec.java:49)
	at org.openqa.selenium.remote.HttpCommandExecutor.execute(HttpCommandExecutor.java:158)
	at org.openqa.selenium.remote.service.DriverCommandExecutor.execute(DriverCommandExecutor.java:83)
	at org.openqa.selenium.remote.RemoteWebDriver.execute(RemoteWebDriver.java:552)
	at org.openqa.selenium.remote.RemoteWebDriver.findElement(RemoteWebDriver.java:323)
	at org.openqa.selenium.remote.RemoteWebDriver.findElementByXPath(RemoteWebDriver.java:428)
	at org.openqa.selenium.By$ByXPath.findElement(By.java:353)
	at org.openqa.selenium.remote.RemoteWebDriver.findElement(RemoteWebDriver.java:315)
	at org.openqa.selenium.support.ui.ExpectedConditions$6.apply(ExpectedConditions.java:182)
	at org.openqa.selenium.support.ui.ExpectedConditions$6.apply(ExpectedConditions.java:179)
	at org.openqa.selenium.support.ui.FluentWait.until(FluentWait.java:249)
	... 36 more
</failure>
    <system-out>Configuring TestNG with: org.apache.maven.surefire.testng.conf.TestNG652Configurator@60215eee
2020-01-28 23:40:01 INFO  PropertiesCache:21 - java.io.BufferedInputStream@dbd940d
2020-01-28 23:40:01 INFO  PropertiesCache:22 - Read all properties from file
2020-01-28 23:40:01 INFO  TestInitilizer:38 - here is the URL :: https://demo.midtrans.com/
2020-01-28 23:40:01 INFO  TestInitilizer:39 - --------------------------------------------------
2020-01-28 23:40:01 INFO  TestInitilizer:40 - Executing on ST ......
2020-01-28 23:40:01 INFO  TestInitilizer:126 -  =================================================== 
2020-01-28 23:40:01 INFO  TestInitilizer:127 - Url is :: https://demo.midtrans.com/
2020-01-28 23:40:01 INFO  TestInitilizer:128 -  =================================================== 
Waiting for the page to load
2020-01-28 23:40:05 INFO  TestInitilizer:53 - class Name SuccessfulPaymentTest
2020-01-28 23:40:07 INFO  TestInitilizer:66 - Testcase name is :::::: testBuyNowButtonFunctionality
2020-01-28 23:40:07 INFO  TestInitilizer:67 - testBuyNowButtonFunctionality Started ::::
2020-01-28 23:40:07 INFO  TestInitilizer:54 - Clicked on Buy now button
2020-01-28 23:40:07 INFO  TestInitilizer:84 - Entered city : 200
2020-01-28 23:40:07 INFO  TestInitilizer:95 - Entered customer Name : Jeevan
2020-01-28 23:40:08 INFO  TestInitilizer:105 - Entered customer Name : jeevannikam1991@gmail.com
2020-01-28 23:40:08 INFO  TestInitilizer:115 - Entered customer Phone no : 8149034452
2020-01-28 23:40:08 INFO  TestInitilizer:125 - Entered customer City : Pune
2020-01-28 23:40:09 INFO  TestInitilizer:135 - Entered customer Address : Pashan
2020-01-28 23:40:09 INFO  TestInitilizer:145 - Entered customer Postal code : 411008
2020-01-28 23:40:09 INFO  TestInitilizer:64 - Clicked on checkout button
2020-01-28 23:40:21 INFO  TestInitilizer:32 - Done .......
2020-01-28 23:40:39 INFO  TestInitilizer:50 - Done .......
</system-out>
    <system-err>Starting ChromeDriver 79.0.3945.36 (3582db32b33893869b8c1339e8f4d9ed1816f143-refs/branch-heads/3945@{#614}) on port 24157
Only local connections are allowed.
Please protect ports used by ChromeDriver and related test frameworks to prevent access by malicious code.
Jan 28, 2020 11:40:02 PM org.openqa.selenium.remote.ProtocolHandshake createSession
INFO: Detected dialect: W3C
</system-err>
  </testcase>
</testsuite>